UCPS2/app/build/intermediates/manifest_merge_blame_file/debug/manifest-merger-blame-debug-report.txt
1<?xml version="1.0" encoding="utf-8"?>
2<manifest xmlns:android="http://schemas.android.com/apk/res/android"
3    package="com.example.imageclassificationdemo"
4    android:versionCode="1"
5    android:versionName="1.0" >
6
7    <uses-sdk
8        android:minSdkVersion="23"
8-->src\main\AndroidManifest.xml
9        android:targetSdkVersion="29" />
9-->src\main\AndroidManifest.xml
10
11    <application
11-->src\main\AndroidManifest.xml:5:5-26:19
12        android:allowBackup="true"
12-->src\main\AndroidManifest.xml:6:9-35
13        android:appComponentFactory="androidx.core.app.CoreComponentFactory"
13-->[androidx.core:core:1.1.0] AndroidManifest.xml:24:18-86
14        android:debuggable="true"
15        android:extractNativeLibs="false"
16        android:icon="@mipmap/ic_launcher"
16-->src\main\AndroidManifest.xml:7:9-43
17        android:label="@string/app_name"
17-->src\main\AndroidManifest.xml:8:9-41
18        android:roundIcon="@mipmap/ic_launcher_round"
18-->src\main\AndroidManifest.xml:9:9-54
19        android:supportsRtl="true"
19-->src\main\AndroidManifest.xml:10:9-35
20        android:testOnly="true"
21        android:theme="@style/AppTheme" >
21-->src\main\AndroidManifest.xml:11:9-40
22        <activity android:name="com.example.ucordilleras.leafscorch_diseases" />
22-->src\main\AndroidManifest.xml:12:9-81
22-->src\main\AndroidManifest.xml:12:19-78
23        <activity android:name="com.example.ucordilleras.leafblight" />
23-->src\main\AndroidManifest.xml:13:9-72
23-->src\main\AndroidManifest.xml:13:19-69
24        <activity android:name="com.example.ucordilleras.graymold_disease" />
24-->src\main\AndroidManifest.xml:14:9-78
24-->src\main\AndroidManifest.xml:14:19-75
25        <activity android:name="com.example.ucordilleras.anthracnose_disease" />
25-->src\main\AndroidManifest.xml:15:9-81
25-->src\main\AndroidManifest.xml:15:19-78
26        <activity android:name="com.example.ucordilleras.leafspot_disease" />
26-->src\main\AndroidManifest.xml:16:9-78
26-->src\main\AndroidManifest.xml:16:19-75
27        <activity android:name="com.example.ucordilleras.MainActivity" />
27-->src\main\AndroidManifest.xml:17:9-73
27-->src\main\AndroidManifest.xml:17:19-71
28        <activity android:name="com.example.ucordilleras.second" />
28-->src\main\AndroidManifest.xml:18:9-68
28-->src\main\AndroidManifest.xml:18:19-65
29        <activity android:name="com.example.ucordilleras.first" >
29-->src\main\AndroidManifest.xml:19:9-25:20
29-->src\main\AndroidManifest.xml:19:19-64
30            <intent-filter>
30-->src\main\AndroidManifest.xml:20:13-24:29
31                <action android:name="android.intent.action.MAIN" />
31-->src\main\AndroidManifest.xml:21:17-69
31-->src\main\AndroidManifest.xml:21:25-66
32
33                <category android:name="android.intent.category.LAUNCHER" />
33-->src\main\AndroidManifest.xml:23:17-77
33-->src\main\AndroidManifest.xml:23:27-74
34            </intent-filter>
35        </activity>
36    </application>
37
38</manifest>